<?xml version="1.0" encoding="UTF-8"?>
<testng-results skipped="0" failed="1" ignored="0" total="3" passed="2">
  <reporter-output>
  </reporter-output>
  <suite name="Hub Spot Test Suite" duration-ms="58907" started-at="2019-09-30T17:04:35Z" finished-at="2019-09-30T17:05:34Z">
    <groups>
    </groups>
    <test name="hub spot regression Test" duration-ms="58907" started-at="2019-09-30T17:04:35Z" finished-at="2019-09-30T17:05:34Z">
      <class name="com.qa.hubspot.tests.LoginPageTest">
        <test-method status="PASS" signature="setUp()[pri:0, instance:com.qa.hubspot.tests.LoginPageTest@54534abf]" name="setUp" is-config="true" duration-ms="3800" started-at="2019-09-30T17:04:36Z" finished-at="2019-09-30T17:04:40Z">
          <reporter-output>
          </reporter-output>
        </test-method> <!-- setUp -->
        <test-method status="FAIL" signature="loginPageTitleTest()[pri:1, instance:com.qa.hubspot.tests.LoginPageTest@54534abf]" name="loginPageTitleTest" duration-ms="30559" started-at="2019-09-30T17:04:40Z" finished-at="2019-09-30T17:05:11Z">
          <exception class="org.openqa.selenium.TimeoutException">
            <message>
              <![CDATA[Expected condition failed: waiting for title to contain "HubSpot Login123". Current title: "HubSpot Login" (tried for 20 second(s) with 500 milliseconds interval)
Build info: version: '3.141.59', revision: 'e82be7d358', time: '2018-11-14T08:17:03'
System info: host: 'Naveen-Mac.local', ip: 'fe80:0:0:0:140f:4c0f:fec3:5dc3%en0', os.name: 'Mac OS X', os.arch: 'x86_64', os.version: '10.14.5', java.version: '1.8.0_144'
Driver info: org.openqa.selenium.chrome.ChromeDriver
Capabilities {acceptInsecureCerts: false, browserName: chrome, browserVersion: 77.0.3865.90, chrome: {chromedriverVersion: 77.0.3865.40 (f484704e052e0..., userDataDir: /var/folders/fd/lw5s91x96f9...}, goog:chromeOptions: {debuggerAddress: localhost:60974}, javascriptEnabled: true, networkConnectionEnabled: false, pageLoadStrategy: normal, platform: MAC, platformName: MAC, proxy: Proxy(), setWindowRect: true, strictFileInteractability: false, timeouts: {implicit: 0, pageLoad: 300000, script: 30000}, unhandledPromptBehavior: dismiss and notify}
Session ID: 824cb1f5e683e16437dfc8429c1efb5e]]>
            </message>
            <full-stacktrace>
              <![CDATA[org.openqa.selenium.TimeoutException: Expected condition failed: waiting for title to contain "HubSpot Login123". Current title: "HubSpot Login" (tried for 20 second(s) with 500 milliseconds interval)
Build info: version: '3.141.59', revision: 'e82be7d358', time: '2018-11-14T08:17:03'
System info: host: 'Naveen-Mac.local', ip: 'fe80:0:0:0:140f:4c0f:fec3:5dc3%en0', os.name: 'Mac OS X', os.arch: 'x86_64', os.version: '10.14.5', java.version: '1.8.0_144'
Driver info: org.openqa.selenium.chrome.ChromeDriver
Capabilities {acceptInsecureCerts: false, browserName: chrome, browserVersion: 77.0.3865.90, chrome: {chromedriverVersion: 77.0.3865.40 (f484704e052e0..., userDataDir: /var/folders/fd/lw5s91x96f9...}, goog:chromeOptions: {debuggerAddress: localhost:60974}, javascriptEnabled: true, networkConnectionEnabled: false, pageLoadStrategy: normal, platform: MAC, platformName: MAC, proxy: Proxy(), setWindowRect: true, strictFileInteractability: false, timeouts: {implicit: 0, pageLoad: 300000, script: 30000}, unhandledPromptBehavior: dismiss and notify}
Session ID: 824cb1f5e683e16437dfc8429c1efb5e
at org.openqa.selenium.support.ui.WebDriverWait.timeoutException(WebDriverWait.java:95)
at org.openqa.selenium.support.ui.FluentWait.until(FluentWait.java:272)
at com.qa.hubspot.util.ElementActions.waitForPageTitle(ElementActions.java:74)
at com.qa.hubspot.pages.LoginPage.getLoginPageTitle(LoginPage.java:32)
at com.qa.hubspot.tests.LoginPageTest.loginPageTitleTest(LoginPageTest.java:38)
at sun.reflect.NativeMethodAccessorImpl.invoke0(Native Method)
at sun.reflect.NativeMethodAccessorImpl.invoke(NativeMethodAccessorImpl.java:62)
at sun.reflect.DelegatingMethodAccessorImpl.invoke(DelegatingMethodAccessorImpl.java:43)
at java.lang.reflect.Method.invoke(Method.java:498)
at org.testng.internal.MethodInvocationHelper.invokeMethod(MethodInvocationHelper.java:124)
at org.testng.internal.Invoker.invokeMethod(Invoker.java:583)
at org.testng.internal.Invoker.invokeTestMethod(Invoker.java:719)
at org.testng.internal.Invoker.invokeTestMethods(Invoker.java:989)
at org.testng.internal.TestMethodWorker.invokeTestMethods(TestMethodWorker.java:125)
at org.testng.internal.TestMethodWorker.run(TestMethodWorker.java:109)
at org.testng.TestRunner.privateRun(TestRunner.java:648)
at org.testng.TestRunner.run(TestRunner.java:505)
at org.testng.SuiteRunner.runTest(SuiteRunner.java:455)
at org.testng.SuiteRunner.runSequentially(SuiteRunner.java:450)
at org.testng.SuiteRunner.privateRun(SuiteRunner.java:415)
at org.testng.SuiteRunner.run(SuiteRunner.java:364)
at org.testng.SuiteRunnerWorker.runSuite(SuiteRunnerWorker.java:52)
at org.testng.SuiteRunnerWorker.run(SuiteRunnerWorker.java:84)
at org.testng.TestNG.runSuitesSequentially(TestNG.java:1208)
at org.testng.TestNG.runSuitesLocally(TestNG.java:1137)
at org.testng.TestNG.runSuites(TestNG.java:1049)
at org.testng.TestNG.run(TestNG.java:1017)
at org.testng.remote.AbstractRemoteTestNG.run(AbstractRemoteTestNG.java:114)
at org.testng.remote.RemoteTestNG.initAndRun(RemoteTestNG.java:251)
at org.testng.remote.RemoteTestNG.main(RemoteTestNG.java:77)
]]>
            </full-stacktrace>
          </exception> <!-- org.openqa.selenium.TimeoutException -->
          <reporter-output>
          </reporter-output>
        </test-method> <!-- loginPageTitleTest -->
        <test-method status="PASS" signature="tearDown()[pri:0, instance:com.qa.hubspot.tests.LoginPageTest@54534abf]" name="tearDown" is-config="true" duration-ms="114" started-at="2019-09-30T17:05:11Z" finished-at="2019-09-30T17:05:11Z">
          <reporter-output>
          </reporter-output>
        </test-method> <!-- tearDown -->
        <test-method status="PASS" signature="setUp()[pri:0, instance:com.qa.hubspot.tests.LoginPageTest@54534abf]" name="setUp" is-config="true" duration-ms="1923" started-at="2019-09-30T17:05:11Z" finished-at="2019-09-30T17:05:13Z">
          <reporter-output>
          </reporter-output>
        </test-method> <!-- setUp -->
        <test-method status="PASS" signature="signUpLinkTest()[pri:2, instance:com.qa.hubspot.tests.LoginPageTest@54534abf]" name="signUpLinkTest" duration-ms="8407" started-at="2019-09-30T17:05:13Z" finished-at="2019-09-30T17:05:21Z">
          <reporter-output>
          </reporter-output>
        </test-method> <!-- signUpLinkTest -->
        <test-method status="PASS" signature="tearDown()[pri:0, instance:com.qa.hubspot.tests.LoginPageTest@54534abf]" name="tearDown" is-config="true" duration-ms="170" started-at="2019-09-30T17:05:21Z" finished-at="2019-09-30T17:05:21Z">
          <reporter-output>
          </reporter-output>
        </test-method> <!-- tearDown -->
        <test-method status="PASS" signature="setUp()[pri:0, instance:com.qa.hubspot.tests.LoginPageTest@54534abf]" name="setUp" is-config="true" duration-ms="2134" started-at="2019-09-30T17:05:21Z" finished-at="2019-09-30T17:05:23Z">
          <reporter-output>
          </reporter-output>
        </test-method> <!-- setUp -->
        <test-method status="PASS" signature="loginTest()[pri:3, instance:com.qa.hubspot.tests.LoginPageTest@54534abf]" name="loginTest" duration-ms="10683" started-at="2019-09-30T17:05:23Z" finished-at="2019-09-30T17:05:34Z">
          <reporter-output>
          </reporter-output>
        </test-method> <!-- loginTest -->
        <test-method status="PASS" signature="tearDown()[pri:0, instance:com.qa.hubspot.tests.LoginPageTest@54534abf]" name="tearDown" is-config="true" duration-ms="113" started-at="2019-09-30T17:05:34Z" finished-at="2019-09-30T17:05:34Z">
          <reporter-output>
          </reporter-output>
        </test-method> <!-- tearDown -->
      </class> <!-- com.qa.hubspot.tests.LoginPageTest -->
    </test> <!-- hub spot regression Test -->
  </suite> <!-- Hub Spot Test Suite -->
</testng-results>
